#-----------------------------------------------------------
# Webtalk v2015.4 (64-bit)
# SW Build 1412921 on Wed Nov 18 09:43:45 MST 2015
# 
# Start of session at: Tue Sep 12 18:37:16 2017
# Process ID: 5820
# Current directory: Z:/work/git/LabVIEW_Fpga/06_MicroBlaze/03_MicroBlaze_AXI_Stream/MicroBlaze_AXI_Stream/MicroBlaze_AXI_Stream.sdk/webtalk
# Command line: wbtcv.exe -mode batch -source sdk_webtalk.tcl
# Log file: Z:/work/git/LabVIEW_Fpga/06_MicroBlaze/03_MicroBlaze_AXI_Stream/MicroBlaze_AXI_Stream/MicroBlaze_AXI_Stream.sdk/webtalk/webtalk.log
# Journal file: Z:/work/git/LabVIEW_Fpga/06_MicroBlaze/03_MicroBlaze_AXI_Stream/MicroBlaze_AXI_Stream/MicroBlaze_AXI_Stream.sdk/webtalk\webtalk.jou
#-----------------------------------------------------------
source sdk_webtalk.tcl
# webtalk_init -webtalk_dir Z:\\work\\git\\LabVIEW_Fpga\\06_MicroBlaze\\03_MicroBlaze_AXI_Stream\\MicroBlaze_AXI_Stream\\MicroBlaze_AXI_Stream.sdk\\webtalk
# webtalk_register_client -client project
# webtalk_add_data -client project -key date_generated -value "Tue Sep 12 18:37:13 2017" -context "software_version_and_target_device"
# webtalk_add_data -client project -key product_version -value "SDK v2015.4" -context "software_version_and_target_device"
# webtalk_add_data -client project -key build_version -value "2015.4" -context "software_version_and_target_device"
# webtalk_add_data -client project -key os_platform -value "amd64" -context "software_version_and_target_device"
# webtalk_add_data -client project -key registration_id -value "" -context "software_version_and_target_device"
# webtalk_add_data -client project -key tool_flow -value "SDK" -context "software_version_and_target_device"
# webtalk_add_data -client project -key beta -value "false" -context "software_version_and_target_device"
# webtalk_add_data -client project -key route_design -value "NA" -context "software_version_and_target_device"
# webtalk_add_data -client project -key target_family -value "NA" -context "software_version_and_target_device"
# webtalk_add_data -client project -key target_device -value "NA" -context "software_version_and_target_device"
# webtalk_add_data -client project -key target_package -value "NA" -context "software_version_and_target_device"
# webtalk_add_data -client project -key target_speed -value "NA" -context "software_version_and_target_device"
# webtalk_add_data -client project -key random_id -value "lb28c9fiui4nlm8iaprberrks7" -context "software_version_and_target_device"
# webtalk_add_data -client project -key project_id -value "2015.4_23" -context "software_version_and_target_device"
# webtalk_add_data -client project -key project_iteration -value "23" -context "software_version_and_target_device"
# webtalk_add_data -client project -key os_name -value "" -context "user_environment"
# webtalk_add_data -client project -key os_release -value "" -context "user_environment"
# webtalk_add_data -client project -key cpu_name -value "" -context "user_environment"
# webtalk_add_data -client project -key cpu_speed -value "" -context "user_environment"
# webtalk_add_data -client project -key total_processors -value "" -context "user_environment"
# webtalk_add_data -client project -key system_ram -value "" -context "user_environment"
# webtalk_register_client -client sdk
# webtalk_add_data -client sdk -key uid -value "1505165626224" -context "sdk\\\\bsp/1505165626224"
# webtalk_add_data -client sdk -key hwid -value "1503766134653" -context "sdk\\\\bsp/1505165626224"
# webtalk_add_data -client sdk -key os -value "standalone" -context "sdk\\\\bsp/1505165626224"
# webtalk_add_data -client sdk -key apptemplate -value "empty_application" -context "sdk\\\\bsp/1505165626224"
# webtalk_add_data -client sdk -key uid -value "1505165645702" -context "sdk\\\\application/1505165645702"
# webtalk_add_data -client sdk -key hwid -value "1503766134653" -context "sdk\\\\application/1505165645702"
# webtalk_add_data -client sdk -key bspid -value "1505165626224" -context "sdk\\\\application/1505165645702"
# webtalk_add_data -client sdk -key newbsp -value "true" -context "sdk\\\\application/1505165645702"
# webtalk_add_data -client sdk -key os -value "standalone" -context "sdk\\\\application/1505165645702"
# webtalk_add_data -client sdk -key apptemplate -value "empty_application" -context "sdk\\\\application/1505165645702"
# webtalk_transmit -clientid 254339558 -regid "" -xml Z:\\work\\git\\LabVIEW_Fpga\\06_MicroBlaze\\03_MicroBlaze_AXI_Stream\\MicroBlaze_AXI_Stream\\MicroBlaze_AXI_Stream.sdk\\webtalk\\usage_statistics_ext_sdk.xml -html Z:\\work\\git\\LabVIEW_Fpga\\06_MicroBlaze\\03_MicroBlaze_AXI_Stream\\MicroBlaze_AXI_Stream\\MicroBlaze_AXI_Stream.sdk\\webtalk\\usage_statistics_ext_sdk.html -wdm Z:\\work\\git\\LabVIEW_Fpga\\06_MicroBlaze\\03_MicroBlaze_AXI_Stream\\MicroBlaze_AXI_Stream\\MicroBlaze_AXI_Stream.sdk\\webtalk\\sdk_webtalk.wdm -intro "<H3>SDK Usage Report</H3><BR>"
# webtalk_terminate
INFO: [Common 17-206] Exiting Webtalk at Tue Sep 12 18:37:20 2017...
