#-----------------------------------------------------------
# Webtalk v2015.4 (64-bit)
# SW Build 1412921 on Wed Nov 18 09:43:45 MST 2015
# 
# Start of session at: Sat Sep 02 18:25:36 2017
# Process ID: 2500
# Current directory: Z:/work/git/LabVIEW_Fpga/06_MicroBlaze/03_MicroBlaze_AXI_Stream/MicroBlaze_AXI_Stream/MicroBlaze_AXI_Stream.sdk/webtalk
# Command line: wbtcv.exe -mode batch -source sdk_webtalk.tcl
# Log file: Z:/work/git/LabVIEW_Fpga/06_MicroBlaze/03_MicroBlaze_AXI_Stream/MicroBlaze_AXI_Stream/MicroBlaze_AXI_Stream.sdk/webtalk/webtalk.log
# Journal file: Z:/work/git/LabVIEW_Fpga/06_MicroBlaze/03_MicroBlaze_AXI_Stream/MicroBlaze_AXI_Stream/MicroBlaze_AXI_Stream.sdk/webtalk\webtalk.jou
#-----------------------------------------------------------
source sdk_webtalk.tcl
# webtalk_init -webtalk_dir Z:\\work\\git\\LabVIEW_Fpga\\06_MicroBlaze\\03_MicroBlaze_AXI_Stream\\MicroBlaze_AXI_Stream\\MicroBlaze_AXI_Stream.sdk\\webtalk
# webtalk_register_client -client project
# webtalk_add_data -client project -key date_generated -value "Sat Sep 2 18:25:36 2017" -context "software_version_and_target_device"
# webtalk_add_data -client project -key product_version -value "SDK v2015.4" -context "software_version_and_target_device"
# webtalk_add_data -client project -key build_version -value "2015.4" -context "software_version_and_target_device"
# webtalk_add_data -client project -key os_platform -value "amd64" -context "software_version_and_target_device"
# webtalk_add_data -client project -key registration_id -value "" -context "software_version_and_target_device"
# webtalk_add_data -client project -key tool_flow -value "SDK" -context "software_version_and_target_device"
# webtalk_add_data -client project -key beta -value "false" -context "software_version_and_target_device"
# webtalk_add_data -client project -key route_design -value "NA" -context "software_version_and_target_device"
# webtalk_add_data -client project -key target_family -value "NA" -context "software_version_and_target_device"
# webtalk_add_data -client project -key target_device -value "NA" -context "software_version_and_target_device"
# webtalk_add_data -client project -key target_package -value "NA" -context "software_version_and_target_device"
# webtalk_add_data -client project -key target_speed -value "NA" -context "software_version_and_target_device"
# webtalk_add_data -client project -key random_id -value "6ofa6g3h03h3akvj2fi1u2uf4g" -context "software_version_and_target_device"
# webtalk_add_data -client project -key project_id -value "2015.4_22" -context "software_version_and_target_device"
# webtalk_add_data -client project -key project_iteration -value "22" -context "software_version_and_target_device"
# webtalk_add_data -client project -key os_name -value "" -context "user_environment"
# webtalk_add_data -client project -key os_release -value "" -context "user_environment"
# webtalk_add_data -client project -key cpu_name -value "" -context "user_environment"
# webtalk_add_data -client project -key cpu_speed -value "" -context "user_environment"
# webtalk_add_data -client project -key total_processors -value "" -context "user_environment"
# webtalk_add_data -client project -key system_ram -value "" -context "user_environment"
# webtalk_register_client -client sdk
# webtalk_add_data -client sdk -key uid -value "1503766134653" -context "sdk\\\\hardware/1503766134653"
# webtalk_add_data -client sdk -key isZynq -value "false" -context "sdk\\\\hardware/1503766134653"
# webtalk_add_data -client sdk -key Processors -value "1" -context "sdk\\\\hardware/1503766134653"
# webtalk_add_data -client sdk -key VivadoVersion -value "2015.4_AR67478_AR66782_AR66772_AR66092_AR65813_ar68397_cr964221_2015_4" -context "sdk\\\\hardware/1503766134653"
# webtalk_add_data -client sdk -key Arch -value "kintex7" -context "sdk\\\\hardware/1503766134653"
# webtalk_add_data -client sdk -key Device -value "7k410t" -context "sdk\\\\hardware/1503766134653"
# webtalk_add_data -client sdk -key IsHandoff -value "true" -context "sdk\\\\hardware/1503766134653"
# webtalk_add_data -client sdk -key uid -value "1503766325940" -context "sdk\\\\bsp/1503766325940"
# webtalk_add_data -client sdk -key hwid -value "1503766134653" -context "sdk\\\\bsp/1503766325940"
# webtalk_add_data -client sdk -key os -value "standalone" -context "sdk\\\\bsp/1503766325940"
# webtalk_add_data -client sdk -key apptemplate -value "empty_application" -context "sdk\\\\bsp/1503766325940"
# webtalk_add_data -client sdk -key uid -value "1503766345712" -context "sdk\\\\application/1503766345712"
# webtalk_add_data -client sdk -key hwid -value "1503766134653" -context "sdk\\\\application/1503766345712"
# webtalk_add_data -client sdk -key bspid -value "1503766325940" -context "sdk\\\\application/1503766345712"
# webtalk_add_data -client sdk -key newbsp -value "true" -context "sdk\\\\application/1503766345712"
# webtalk_add_data -client sdk -key os -value "standalone" -context "sdk\\\\application/1503766345712"
# webtalk_add_data -client sdk -key apptemplate -value "empty_application" -context "sdk\\\\application/1503766345712"
# webtalk_transmit -clientid 3687599366 -regid "" -xml Z:\\work\\git\\LabVIEW_Fpga\\06_MicroBlaze\\03_MicroBlaze_AXI_Stream\\MicroBlaze_AXI_Stream\\MicroBlaze_AXI_Stream.sdk\\webtalk\\usage_statistics_ext_sdk.xml -html Z:\\work\\git\\LabVIEW_Fpga\\06_MicroBlaze\\03_MicroBlaze_AXI_Stream\\MicroBlaze_AXI_Stream\\MicroBlaze_AXI_Stream.sdk\\webtalk\\usage_statistics_ext_sdk.html -wdm Z:\\work\\git\\LabVIEW_Fpga\\06_MicroBlaze\\03_MicroBlaze_AXI_Stream\\MicroBlaze_AXI_Stream\\MicroBlaze_AXI_Stream.sdk\\webtalk\\sdk_webtalk.wdm -intro "<H3>SDK Usage Report</H3><BR>"
# webtalk_terminate
INFO: [Common 17-206] Exiting Webtalk at Sat Sep 02 18:25:39 2017...
